#! /usr/bin/vvp
:ivl_version "12.0 (stable)";
:ivl_delay_selection "TYPICAL";
:vpi_time_precision + 0;
:vpi_module "/usr/lib/aarch64-linux-gnu/ivl/system.vpi";
:vpi_module "/usr/lib/aarch64-linux-gnu/ivl/vhdl_sys.vpi";
:vpi_module "/usr/lib/aarch64-linux-gnu/ivl/vhdl_textio.vpi";
:vpi_module "/usr/lib/aarch64-linux-gnu/ivl/v2005_math.vpi";
:vpi_module "/usr/lib/aarch64-linux-gnu/ivl/va_math.vpi";
S_0x3000335230 .scope module, "topmodule" "topmodule" 2 1;
 .timescale 0 0;
    .port_info 0 /INPUT 1 "global_clk";
    .port_info 1 /INPUT 1 "reset";
    .port_info 2 /INPUT 1 "enable";
    .port_info 3 /OUTPUT 4 "out";
o0x729500f018 .functor BUFZ 1, C4<z>; HiZ drive
v0x3000335400_0 .net "enable", 0 0, o0x729500f018;  0 drivers
o0x729500f048 .functor BUFZ 1, C4<z>; HiZ drive
v0x300037c870_0 .net "global_clk", 0 0, o0x729500f048;  0 drivers
v0x300037c930_0 .var "out", 3 0;
o0x729500f0a8 .functor BUFZ 1, C4<z>; HiZ drive
v0x300037ca20_0 .net "reset", 0 0, o0x729500f0a8;  0 drivers
E_0x30003357e0 .event posedge, v0x300037ca20_0;
E_0x3000336070 .event posedge, v0x300037c870_0;
    .scope S_0x3000335230;
T_0 ;
    %wait E_0x3000336070;
    %load/vec4 v0x300037c930_0;
    %addi 1, 0, 4;
    %assign/vec4 v0x300037c930_0, 0;
    %jmp T_0;
    .thread T_0;
    .scope S_0x3000335230;
T_1 ;
    %wait E_0x30003357e0;
    %pushi/vec4 1, 0, 4;
    %assign/vec4 v0x300037c930_0, 0;
    %jmp T_1;
    .thread T_1;
# The file index is used to find the file name in the following table.
:file_names 3;
    "N/A";
    "<interactive>";
    "topmodule.v";
